<?xml version="1.0" encoding="UTF-8"?>
<!-- Generated by org.testng.reporters.JUnitXMLReporter -->
<testsuite ignored="0" hostname="DESKTOP-9MI9O1Q" failures="0" tests="3" name="OrangeHRM Regression Test Cases" time="0.083" errors="0" timestamp="06 Sep 2021 03:48:03 GMT">
  <testcase classname="com.orange.tests.BaseTest" name="@BeforeTest setUpTest" time="0.0">
    <failure type="org.testng.TestNGException" message="
Parameter &amp;apos;browser&amp;apos; is required by BeforeTest on method setUpTest but has not been marked @Optional or defined
in C:\Users\Debbie\eclipse-workspace\CorePOMInterfaceAndParallel\src\test\resources\testrunner\testng.xml">
      <![CDATA[org.testng.TestNGException: Parameter 'browser' is required by BeforeTest on method setUpTest but has not been marked @Optional or definedin C:\Users\Debbie\eclipse-workspace\CorePOMInterfaceAndParallel\src\test\resources\testrunner\testng.xml... Removed 21 stack frames]]>
    </failure>
  </testcase> <!-- @BeforeTest setUpTest -->
  <testcase classname="com.orange.tests.BaseTest" name="@AfterTest tearDown" time="0.0">
    <skipped/>
  </testcase> <!-- @AfterTest tearDown -->
  <testcase classname="com.orange.tests.LoginTests" name="negTestLoginEmptyUsername" time="0.0">
    <skipped/>
  </testcase> <!-- negTestLoginEmptyUsername -->
  <testcase classname="com.orange.tests.LoginTests" name="negTestLoginBadPassword" time="0.0">
    <skipped/>
  </testcase> <!-- negTestLoginBadPassword -->
  <testcase classname="com.orange.tests.LoginTests" name="testLogin" time="0.0">
    <skipped/>
  </testcase> <!-- testLogin -->
</testsuite> <!-- OrangeHRM Regression Test Cases -->
