<?xml version="1.0" encoding="UTF-8"?>
<!-- Generated by org.testng.reporters.JUnitReportReporter -->
<testsuite hostname="DESKTOP-9MI9O1Q" failures="0" tests="5" name="com.orange.tests.PasswordResetTests" time="5.065" errors="1" timestamp="16 Nov 2021 18:31:44 GMT" skipped="2">
  <testcase classname="com.orange.tests.PasswordResetTests" name="setUpTest" time="2.748">
    <error message="session not created: This version of ChromeDriver only supports Chrome version 96
Current browser version is 95.0.4638.69 with binary path C:\Users\Debbie\AppData\Local\Google\Chrome\Application\chrome.exe
Build info: version: &#039;3.13.0&#039;, revision: &#039;2f0d292&#039;, time: &#039;2018-06-25T15:24:21.231Z&#039;
System info: host: &#039;DESKTOP-9MI9O1Q&#039;, ip: &#039;192.168.0.10&#039;, os.name: &#039;Windows 10&#039;, os.arch: &#039;amd64&#039;, os.version: &#039;10.0&#039;, java.version: &#039;11.0.11&#039;
Driver info: driver.version: ChromeDriver
remote stacktrace: Backtrace:
	Ordinal0 [0x00506903+2517251]
	Ordinal0 [0x0049F8E1+2095329]
	Ordinal0 [0x003A2848+1058888]
	Ordinal0 [0x003C0B9D+1182621]
	Ordinal0 [0x003BCA60+1165920]
	Ordinal0 [0x003BA2CF+1155791]
	Ordinal0 [0x003EAAAF+1354415]
	Ordinal0 [0x003EA71A+1353498]
	Ordinal0 [0x003E639B+1336219]
	Ordinal0 [0x003C27A7+1189799]
	Ordinal0 [0x003C3609+1193481]
	GetHandleVerifier [0x00695904+1577972]
	GetHandleVerifier [0x00740B97+2279047]
	GetHandleVerifier [0x00596D09+534521]
	GetHandleVerifier [0x00595DB9+530601]
	Ordinal0 [0x004A4FF9+2117625]
	Ordinal0 [0x004A98A8+2136232]
	Ordinal0 [0x004A99E2+2136546]
	Ordinal0 [0x004B3541+2176321]
	BaseThreadInitThunk [0x75A3FA29+25]
	RtlGetAppContainerNamedObjectPath [0x77AC7A9E+286]
	RtlGetAppContainerNamedObjectPath [0x77AC7A6E+238]
" type="org.openqa.selenium.SessionNotCreatedException">
      <![CDATA[org.openqa.selenium.SessionNotCreatedException: session not created: This version of ChromeDriver only supports Chrome version 96Current browser version is 95.0.4638.69 with binary path C:\Users\Debbie\AppData\Local\Google\Chrome\Application\chrome.exeBuild info: version: '3.13.0', revision: '2f0d292', time: '2018-06-25T15:24:21.231Z'System info: host: 'DESKTOP-9MI9O1Q', ip: '192.168.0.10', os.name: 'Windows 10', os.arch: 'amd64', os.version: '10.0', java.version: '11.0.11'Driver info: driver.version: ChromeDriverremote stacktrace: Backtrace:Ordinal0 [0x00506903+2517251]Ordinal0 [0x0049F8E1+2095329]Ordinal0 [0x003A2848+1058888]Ordinal0 [0x003C0B9D+1182621]Ordinal0 [0x003BCA60+1165920]Ordinal0 [0x003BA2CF+1155791]Ordinal0 [0x003EAAAF+1354415]Ordinal0 [0x003EA71A+1353498]Ordinal0 [0x003E639B+1336219]Ordinal0 [0x003C27A7+1189799]Ordinal0 [0x003C3609+1193481]GetHandleVerifier [0x00695904+1577972]GetHandleVerifier [0x00740B97+2279047]GetHandleVerifier [0x00596D09+534521]GetHandleVerifier [0x00595DB9+530601]Ordinal0 [0x004A4FF9+2117625]Ordinal0 [0x004A98A8+2136232]Ordinal0 [0x004A99E2+2136546]Ordinal0 [0x004B3541+2176321]BaseThreadInitThunk [0x75A3FA29+25]RtlGetAppContainerNamedObjectPath [0x77AC7A9E+286]RtlGetAppContainerNamedObjectPath [0x77AC7A6E+238]at java.base/jdk.internal.reflect.NativeConstructorAccessorImpl.newInstance0(Native Method)at java.base/jdk.internal.reflect.NativeConstructorAccessorImpl.newInstance(NativeConstructorAccessorImpl.java:62)at java.base/jdk.internal.reflect.DelegatingConstructorAccessorImpl.newInstance(DelegatingConstructorAccessorImpl.java:45)at java.base/java.lang.reflect.Constructor.newInstance(Constructor.java:490)at org.openqa.selenium.remote.W3CHandshakeResponse.lambda$new$0(W3CHandshakeResponse.java:57)at org.openqa.selenium.remote.W3CHandshakeResponse.lambda$getResponseFunction$2(W3CHandshakeResponse.java:104)at org.openqa.selenium.remote.ProtocolHandshake.lambda$createSession$0(ProtocolHandshake.java:123)at java.base/java.util.stream.ReferencePipeline$3$1.accept(ReferencePipeline.java:195)at java.base/java.util.Spliterators$ArraySpliterator.tryAdvance(Spliterators.java:958)at java.base/java.util.stream.ReferencePipeline.forEachWithCancel(ReferencePipeline.java:127)at java.base/java.util.stream.AbstractPipeline.copyIntoWithCancel(AbstractPipeline.java:502)at java.base/java.util.stream.AbstractPipeline.copyInto(AbstractPipeline.java:488)at java.base/java.util.stream.AbstractPipeline.wrapAndCopyInto(AbstractPipeline.java:474)at java.base/java.util.stream.FindOps$FindOp.evaluateSequential(FindOps.java:150)at java.base/java.util.stream.AbstractPipeline.evaluate(AbstractPipeline.java:234)at java.base/java.util.stream.ReferencePipeline.findFirst(ReferencePipeline.java:543)at org.openqa.selenium.remote.ProtocolHandshake.createSession(ProtocolHandshake.java:126)at org.openqa.selenium.remote.ProtocolHandshake.createSession(ProtocolHandshake.java:73)at org.openqa.selenium.remote.HttpCommandExecutor.execute(HttpCommandExecutor.java:136)at org.openqa.selenium.remote.service.DriverCommandExecutor.execute(DriverCommandExecutor.java:83)at org.openqa.selenium.remote.RemoteWebDriver.execute(RemoteWebDriver.java:548)at org.openqa.selenium.remote.RemoteWebDriver.startSession(RemoteWebDriver.java:212)at org.openqa.selenium.remote.RemoteWebDriver.<init>(RemoteWebDriver.java:130)at org.openqa.selenium.chrome.ChromeDriver.<init>(ChromeDriver.java:181)at org.openqa.selenium.chrome.ChromeDriver.<init>(ChromeDriver.java:168)at org.openqa.selenium.chrome.ChromeDriver.<init>(ChromeDriver.java:123)at com.orange.tests.BaseTest.setUpTest(BaseTest.java:34)at java.base/jdk.internal.reflect.NativeMethodAccessorImpl.invoke0(Native Method)at java.base/jdk.internal.reflect.NativeMethodAccessorImpl.invoke(NativeMethodAccessorImpl.java:62)at java.base/jdk.internal.reflect.DelegatingMethodAccessorImpl.invoke(DelegatingMethodAccessorImpl.java:43)at java.base/java.lang.reflect.Method.invoke(Method.java:566)at org.testng.internal.MethodInvocationHelper.invokeMethod(MethodInvocationHelper.java:124)at org.testng.internal.MethodInvocationHelper.invokeMethodConsideringTimeout(MethodInvocationHelper.java:59)at org.testng.internal.Invoker.invokeConfigurationMethod(Invoker.java:451)at org.testng.internal.Invoker.invokeConfigurations(Invoker.java:222)at org.testng.internal.Invoker.invokeConfigurations(Invoker.java:142)at org.testng.TestRunner.beforeRun(TestRunner.java:529)at org.testng.TestRunner.run(TestRunner.java:497)at org.testng.SuiteRunner.runTest(SuiteRunner.java:455)at org.testng.SuiteRunner.runSequentially(SuiteRunner.java:450)at org.testng.SuiteRunner.privateRun(SuiteRunner.java:415)at org.testng.SuiteRunner.run(SuiteRunner.java:364)at org.testng.SuiteRunnerWorker.runSuite(SuiteRunnerWorker.java:52)at org.testng.SuiteRunnerWorker.run(SuiteRunnerWorker.java:84)at org.testng.TestNG.runSuitesSequentially(TestNG.java:1187)at org.testng.TestNG.runSuitesLocally(TestNG.java:1116)at org.testng.TestNG.runSuites(TestNG.java:1028)at org.testng.TestNG.run(TestNG.java:996)at org.testng.remote.AbstractRemoteTestNG.run(AbstractRemoteTestNG.java:115)at org.testng.remote.RemoteTestNG.initAndRun(RemoteTestNG.java:251)at org.testng.remote.RemoteTestNG.main(RemoteTestNG.java:77)]]>
    </error>
  </testcase> <!-- setUpTest -->
  <testcase classname="com.orange.tests.PasswordResetTests" name="testResetLinkEnabled" time="0.000">
    <skipped/>
  </testcase> <!-- testResetLinkEnabled -->
  <testcase classname="com.orange.tests.PasswordResetTests" name="testResetLinkEnabled" time="1.193"/>
  <testcase classname="com.orange.tests.PasswordResetTests" name="testResetSubmission" time="1.124"/>
  <testcase classname="com.orange.tests.PasswordResetTests" name="testResetSubmission" time="0.000">
    <skipped/>
  </testcase> <!-- testResetSubmission -->
</testsuite> <!-- com.orange.tests.PasswordResetTests -->
